<?xml version="1.0" encoding="UTF-8"?>
<!-- Generated by org.testng.reporters.JUnitXMLReporter -->
<testsuite ignored="0" hostname="DESKTOP-IP27C5L" failures="0" tests="5" name="Eatzilla Full Flow Test" time="33.709" errors="0" timestamp="2025-05-20T13:25:33 IST">
  <testcase classname="EatzillaFlowTest" name="loginTest" time="6.426"/>
  <testcase classname="EatzillaFlowTest" name="goToBrowsePage" time="6.019"/>
  <testcase classname="EatzillaFlowTest" name="goToRestaurantsPage" time="6.174"/>
  <testcase classname="EatzillaFlowTest" name="goToRestaurantDetailsPage" time="6.202"/>
  <testcase classname="EatzillaFlowTest" name="navigateToOrdersPage" time="6.17"/>
</testsuite> <!-- Eatzilla Full Flow Test -->
